<?xml version="1.0" encoding="UTF-8"?>
<!-- Generated by org.testng.reporters.JUnitXMLReporter -->
<testsuite hostname="DESKTOP-GJG41J3" failures="0" tests="3" name="Surefire test" time="59.456" errors="0" timestamp="14 Dec 2024 03:14:15 GMT">
  <testcase classname="com.TestCases.TestCase1" name="testCaseLink" time="27.341"/>
  <testcase classname="com.TestCases.TestCase1" name="mvnDataParameterCheck" time="31.327"/>
  <testcase classname="com.TestCases.TestCase1" name="validateHomePage" time="22.533"/>
</testsuite> <!-- Surefire test -->
