<?xml version="1.0" encoding="UTF-8"?>
<testng-results total="1" passed="1" failed="0" skipped="0">
  <reporter-output>
  </reporter-output>
  <suite started-at="2024-12-14T04:57:53Z" name="Suite" finished-at="2024-12-14T04:58:10Z" duration-ms="17428">
    <groups>
    </groups>
    <test started-at="2024-12-14T04:57:53Z" name="Test1" finished-at="2024-12-14T04:58:10Z" duration-ms="17428">
      <class name="com.TestCases.TestCase1">
        <test-method is-config="true" signature="setUp()[pri:0, instance:com.TestCases.TestCase1@909217e]" started-at="2024-12-14T10:27:53Z" name="setUp" finished-at="2024-12-14T10:27:56Z" duration-ms="3422" status="PASS">
          <reporter-output>
          </reporter-output>
        </test-method> <!-- setUp -->
        <test-method signature="mvnDataParameterCheck()[pri:0, instance:com.TestCases.TestCase1@909217e]" started-at="2024-12-14T10:27:56Z" name="mvnDataParameterCheck" finished-at="2024-12-14T10:28:10Z" duration-ms="13573" status="PASS">
          <reporter-output>
          </reporter-output>
        </test-method> <!-- mvnDataParameterCheck -->
        <test-method is-config="true" signature="tearDown()[pri:0, instance:com.TestCases.TestCase1@909217e]" started-at="2024-12-14T10:28:10Z" name="tearDown" finished-at="2024-12-14T10:28:10Z" duration-ms="397" status="PASS">
          <reporter-output>
          </reporter-output>
        </test-method> <!-- tearDown -->
      </class> <!-- com.TestCases.TestCase1 -->
    </test> <!-- Test1 -->
  </suite> <!-- Suite -->
</testng-results>
