<?xml version="1.0" encoding="UTF-8"?>
<testng-results total="1" passed="1" failed="0" skipped="0">
  <reporter-output>
  </reporter-output>
  <suite started-at="2024-12-08T17:34:12Z" name="Suite" finished-at="2024-12-08T17:34:23Z" duration-ms="10972">
    <groups>
    </groups>
    <test started-at="2024-12-08T17:34:12Z" name="Test1" finished-at="2024-12-08T17:34:23Z" duration-ms="10972">
      <class name="com.TestCases.TestCase1">
        <test-method is-config="true" signature="setUp()[pri:0, instance:com.TestCases.TestCase1@5b6ec132]" started-at="2024-12-08T23:04:12Z" name="setUp" finished-at="2024-12-08T23:04:16Z" duration-ms="3636" status="PASS">
          <reporter-output>
          </reporter-output>
        </test-method> <!-- setUp -->
        <test-method signature="mvnDataParameterCheck()[pri:0, instance:com.TestCases.TestCase1@5b6ec132]" started-at="2024-12-08T23:04:16Z" name="mvnDataParameterCheck" finished-at="2024-12-08T23:04:23Z" duration-ms="7021" status="PASS">
          <reporter-output>
          </reporter-output>
        </test-method> <!-- mvnDataParameterCheck -->
        <test-method is-config="true" signature="tearDown()[pri:0, instance:com.TestCases.TestCase1@5b6ec132]" started-at="2024-12-08T23:04:23Z" name="tearDown" finished-at="2024-12-08T23:04:23Z" duration-ms="278" status="PASS">
          <reporter-output>
          </reporter-output>
        </test-method> <!-- tearDown -->
      </class> <!-- com.TestCases.TestCase1 -->
    </test> <!-- Test1 -->
  </suite> <!-- Suite -->
</testng-results>
