<?xml version="1.0" encoding="UTF-8"?>
<testng-results ignored="0" total="1" passed="1" failed="0" skipped="0">
  <reporter-output>
  </reporter-output>
  <suite started-at="2024-12-14T10:00:16 IST" name="Default suite" finished-at="2024-12-14T10:03:17 IST" duration-ms="180636">
    <groups>
    </groups>
    <test started-at="2024-12-14T10:00:16 IST" name="Default test" finished-at="2024-12-14T10:03:17 IST" duration-ms="180636">
      <class name="com.TestCases.TestCase1">
        <test-method is-config="true" signature="setUp()[pri:0, instance:com.TestCases.TestCase1@61001b64]" started-at="2024-12-14T10:00:16 IST" name="setUp" finished-at="2024-12-14T10:00:20 IST" duration-ms="4442" status="PASS">
          <reporter-output>
          </reporter-output>
        </test-method> <!-- setUp -->
        <test-method signature="mvnDataParameterCheck()[pri:0, instance:com.TestCases.TestCase1@61001b64]" started-at="2024-12-14T10:00:20 IST" name="mvnDataParameterCheck" finished-at="2024-12-14T10:03:16 IST" duration-ms="175891" status="PASS">
          <reporter-output>
          </reporter-output>
        </test-method> <!-- mvnDataParameterCheck -->
        <test-method is-config="true" signature="tearDown()[pri:0, instance:com.TestCases.TestCase1@61001b64]" started-at="2024-12-14T10:03:16 IST" name="tearDown" finished-at="2024-12-14T10:03:17 IST" duration-ms="183" status="PASS">
          <reporter-output>
          </reporter-output>
        </test-method> <!-- tearDown -->
      </class> <!-- com.TestCases.TestCase1 -->
    </test> <!-- Default test -->
  </suite> <!-- Default suite -->
</testng-results>
